2024-06-25 10:09:36,070 INFO o.a.j.u.JMeterUtils: Setting Locale to en_EN
2024-06-25 10:09:36,101 INFO o.a.j.JMeter: Loading user properties from: /usr/local/Cellar/jmeter/5.6.3/libexec/bin/user.properties
2024-06-25 10:09:36,102 INFO o.a.j.JMeter: Loading system properties from: /usr/local/Cellar/jmeter/5.6.3/libexec/bin/system.properties
2024-06-25 10:09:36,108 INFO o.a.j.JMeter: Copyright (c) 1998-2024 The Apache Software Foundation
2024-06-25 10:09:36,108 INFO o.a.j.JMeter: Version 5.6.3
2024-06-25 10:09:36,108 INFO o.a.j.JMeter: java.version=22.0.1
2024-06-25 10:09:36,108 INFO o.a.j.JMeter: java.vm.name=OpenJDK 64-Bit Server VM
2024-06-25 10:09:36,108 INFO o.a.j.JMeter: os.name=Mac OS X
2024-06-25 10:09:36,108 INFO o.a.j.JMeter: os.arch=x86_64
2024-06-25 10:09:36,108 INFO o.a.j.JMeter: os.version=14.5
2024-06-25 10:09:36,108 INFO o.a.j.JMeter: file.encoding=UTF-8
2024-06-25 10:09:36,109 INFO o.a.j.JMeter: java.awt.headless=null
2024-06-25 10:09:36,109 INFO o.a.j.JMeter: Max memory     =1073741824
2024-06-25 10:09:36,109 INFO o.a.j.JMeter: Available Processors =10
2024-06-25 10:09:36,119 INFO o.a.j.JMeter: Default Locale=English (EN)
2024-06-25 10:09:36,120 INFO o.a.j.JMeter: JMeter  Locale=English (EN)
2024-06-25 10:09:36,120 INFO o.a.j.JMeter: JMeterHome=/usr/local/Cellar/jmeter/5.6.3/libexec
2024-06-25 10:09:36,120 INFO o.a.j.JMeter: user.dir  =/Users/pbelcar/Repos/Java/pbelcar/vjezba 8
2024-06-25 10:09:36,120 INFO o.a.j.JMeter: PWD       =/Users/pbelcar/Repos/Java/pbelcar/vjezba 8
2024-06-25 10:09:36,134 INFO o.a.j.JMeter: IP: 192.168.8.124 Name: Petars-MBP FullName: 192.168.8.124
2024-06-25 10:09:36,154 INFO o.a.j.JMeter: Loaded icon properties from org/apache/jmeter/images/icon.properties
2024-06-25 10:09:36,712 INFO o.a.j.JMeterGuiLauncher: Setting LAF to: com.github.weisj.darklaf.DarkLaf:com.github.weisj.darklaf.theme.DarculaTheme
2024-06-25 10:09:39,568 INFO o.a.j.r.ClassFinder: Will scan jar /usr/local/Cellar/jmeter/5.6.3/libexec/lib/ext/jmeter-plugins-manager-1.9.jar with filter ExtendsClassFilter [parents=[interface org.apache.jmeter.gui.action.Command], inner=false, contains=null, notContains=null]. Consider exposing JMeter plugins via META-INF/services, and add JMeter-Skip-Class-Scanning=true manifest attribute so JMeter can skip classfile scanning
2024-06-25 10:09:40,079 INFO o.a.j.r.ClassFinder: Will scan jar /usr/local/Cellar/jmeter/5.6.3/libexec/lib/ext/jmeter-plugins-manager-1.9.jar with filter ExtendsClassFilter [parents=[interface org.apache.jmeter.gui.plugin.MenuCreator], inner=false, contains=null, notContains=null]. Consider exposing JMeter plugins via META-INF/services, and add JMeter-Skip-Class-Scanning=true manifest attribute so JMeter can skip classfile scanning
2024-06-25 10:09:40,280 INFO o.j.r.JARSourceHTTP: Requesting https://jmeter-plugins.org/repo/?installID=mac_os_x-2e3c9e3e348ff5229fbc676097ce98f1-gui
2024-06-25 10:09:42,694 INFO o.j.r.PluginManager: Plugins Status: [jpgc-plugins-manager=1.9, jmeter-core=5.6.3, jmeter-ftp=5.6.3, jmeter-http=5.6.3, jmeter-jdbc=5.6.3, jmeter-jms=5.6.3, jmeter-junit=5.6.3, jmeter-java=5.6.3, jmeter-ldap=5.6.3, jmeter-mail=5.6.3, jmeter-mongodb=5.6.3, jmeter-native=5.6.3, jmeter-tcp=5.6.3, jmeter-components=5.6.3]
2024-06-25 10:09:42,701 INFO o.j.r.PluginManagerMenuItem: Plugins Manager has upgrades: [jpgc-plugins-manager]
2024-06-25 10:11:36,412 INFO o.a.j.s.FileServer: Default base='/Users/pbelcar/Repos/Java/pbelcar/vjezba 8'
2024-06-25 10:11:36,417 INFO o.a.j.g.a.Load: Loading file: /Users/pbelcar/Repos/Java/pbelcar/vjezba 8/RESTServisi.jmx
2024-06-25 10:11:36,418 INFO o.a.j.s.FileServer: Set new base='/Users/pbelcar/Repos/Java/pbelcar/vjezba 8'
2024-06-25 10:11:36,696 INFO o.a.j.s.SaveService: Testplan (JMX) version: 2.2. Testlog (JTL) version: 2.2
2024-06-25 10:11:36,708 INFO o.a.j.s.SaveService: Using SaveService properties version 5.0
2024-06-25 10:11:36,710 INFO o.a.j.s.SaveService: Using SaveService properties file encoding UTF-8
2024-06-25 10:11:36,711 INFO o.a.j.s.SaveService: Loading file: /Users/pbelcar/Repos/Java/pbelcar/vjezba 8/RESTServisi.jmx
2024-06-25 10:11:37,036 INFO o.a.j.p.h.c.CacheManager: Will only cache the following methods: [GET]
2024-06-25 10:11:37,047 INFO o.a.j.p.h.s.HTTPSamplerBase: Parser for text/html is org.apache.jmeter.protocol.http.parser.LagartoBasedHtmlParser
2024-06-25 10:11:37,047 INFO o.a.j.p.h.s.HTTPSamplerBase: Parser for application/xhtml+xml is org.apache.jmeter.protocol.http.parser.LagartoBasedHtmlParser
2024-06-25 10:11:37,047 INFO o.a.j.p.h.s.HTTPSamplerBase: Parser for application/xml is org.apache.jmeter.protocol.http.parser.LagartoBasedHtmlParser
2024-06-25 10:11:37,047 INFO o.a.j.p.h.s.HTTPSamplerBase: Parser for text/xml is org.apache.jmeter.protocol.http.parser.LagartoBasedHtmlParser
2024-06-25 10:11:37,047 INFO o.a.j.p.h.s.HTTPSamplerBase: Parser for text/vnd.wap.wml is org.apache.jmeter.protocol.http.parser.RegexpHTMLParser
2024-06-25 10:11:37,048 INFO o.a.j.p.h.s.HTTPSamplerBase: Parser for text/css is org.apache.jmeter.protocol.http.parser.CssParser
2024-06-25 10:11:37,810 INFO o.a.j.s.SampleResult: Note: Sample TimeStamps are START times
2024-06-25 10:11:37,811 INFO o.a.j.s.SampleResult: sampleresult.default.encoding is set to UTF-8
2024-06-25 10:11:37,811 INFO o.a.j.s.SampleResult: sampleresult.useNanoTime=true
2024-06-25 10:11:37,811 INFO o.a.j.s.SampleResult: sampleresult.nanoThreadSleep=5000
2024-06-25 10:11:37,901 INFO o.a.j.r.ClassFinder: Will scan jar /usr/local/Cellar/jmeter/5.6.3/libexec/lib/ext/jmeter-plugins-manager-1.9.jar with filter ExtendsClassFilter [parents=[interface org.apache.jmeter.visualizers.ResultRenderer], inner=false, contains=null, notContains=null]. Consider exposing JMeter plugins via META-INF/services, and add JMeter-Skip-Class-Scanning=true manifest attribute so JMeter can skip classfile scanning
2024-06-25 10:11:37,941 INFO o.a.j.r.ClassFinder: Will scan jar /usr/local/Cellar/jmeter/5.6.3/libexec/lib/ext/jmeter-plugins-manager-1.9.jar with filter ExtendsClassFilter [parents=[interface org.apache.jmeter.visualizers.RequestView], inner=false, contains=null, notContains=null]. Consider exposing JMeter plugins via META-INF/services, and add JMeter-Skip-Class-Scanning=true manifest attribute so JMeter can skip classfile scanning
2024-06-25 10:11:38,103 INFO o.a.j.r.ClassFinder: Will scan jar /usr/local/Cellar/jmeter/5.6.3/libexec/lib/ext/jmeter-plugins-manager-1.9.jar with filter ExtendsClassFilter [parents=[interface org.apache.jmeter.visualizers.ResultRenderer], inner=false, contains=null, notContains=null]. Consider exposing JMeter plugins via META-INF/services, and add JMeter-Skip-Class-Scanning=true manifest attribute so JMeter can skip classfile scanning
2024-06-25 10:11:38,123 INFO o.a.j.r.ClassFinder: Will scan jar /usr/local/Cellar/jmeter/5.6.3/libexec/lib/ext/jmeter-plugins-manager-1.9.jar with filter ExtendsClassFilter [parents=[interface org.apache.jmeter.visualizers.RequestView], inner=false, contains=null, notContains=null]. Consider exposing JMeter plugins via META-INF/services, and add JMeter-Skip-Class-Scanning=true manifest attribute so JMeter can skip classfile scanning
2024-06-25 10:11:38,252 INFO o.a.j.r.ClassFinder: Will scan jar /usr/local/Cellar/jmeter/5.6.3/libexec/lib/ext/jmeter-plugins-manager-1.9.jar with filter ExtendsClassFilter [parents=[interface org.apache.jmeter.visualizers.ResultRenderer], inner=false, contains=null, notContains=null]. Consider exposing JMeter plugins via META-INF/services, and add JMeter-Skip-Class-Scanning=true manifest attribute so JMeter can skip classfile scanning
2024-06-25 10:11:38,270 INFO o.a.j.r.ClassFinder: Will scan jar /usr/local/Cellar/jmeter/5.6.3/libexec/lib/ext/jmeter-plugins-manager-1.9.jar with filter ExtendsClassFilter [parents=[interface org.apache.jmeter.visualizers.RequestView], inner=false, contains=null, notContains=null]. Consider exposing JMeter plugins via META-INF/services, and add JMeter-Skip-Class-Scanning=true manifest attribute so JMeter can skip classfile scanning
2024-06-25 10:11:38,380 INFO o.a.j.r.ClassFinder: Will scan jar /usr/local/Cellar/jmeter/5.6.3/libexec/lib/ext/jmeter-plugins-manager-1.9.jar with filter ExtendsClassFilter [parents=[interface org.apache.jmeter.visualizers.ResultRenderer], inner=false, contains=null, notContains=null]. Consider exposing JMeter plugins via META-INF/services, and add JMeter-Skip-Class-Scanning=true manifest attribute so JMeter can skip classfile scanning
2024-06-25 10:11:38,399 INFO o.a.j.r.ClassFinder: Will scan jar /usr/local/Cellar/jmeter/5.6.3/libexec/lib/ext/jmeter-plugins-manager-1.9.jar with filter ExtendsClassFilter [parents=[interface org.apache.jmeter.visualizers.RequestView], inner=false, contains=null, notContains=null]. Consider exposing JMeter plugins via META-INF/services, and add JMeter-Skip-Class-Scanning=true manifest attribute so JMeter can skip classfile scanning
2024-06-25 10:11:38,492 INFO o.a.j.r.ClassFinder: Will scan jar /usr/local/Cellar/jmeter/5.6.3/libexec/lib/ext/jmeter-plugins-manager-1.9.jar with filter ExtendsClassFilter [parents=[interface org.apache.jmeter.visualizers.ResultRenderer], inner=false, contains=null, notContains=null]. Consider exposing JMeter plugins via META-INF/services, and add JMeter-Skip-Class-Scanning=true manifest attribute so JMeter can skip classfile scanning
2024-06-25 10:11:38,515 INFO o.a.j.r.ClassFinder: Will scan jar /usr/local/Cellar/jmeter/5.6.3/libexec/lib/ext/jmeter-plugins-manager-1.9.jar with filter ExtendsClassFilter [parents=[interface org.apache.jmeter.visualizers.RequestView], inner=false, contains=null, notContains=null]. Consider exposing JMeter plugins via META-INF/services, and add JMeter-Skip-Class-Scanning=true manifest attribute so JMeter can skip classfile scanning
2024-06-25 10:11:38,583 INFO o.a.j.s.FileServer: Set new base='/Users/pbelcar/Repos/Java/pbelcar/vjezba 8'
2024-06-25 10:11:52,979 INFO o.a.j.e.StandardJMeterEngine: Running the test!
2024-06-25 10:11:52,984 INFO o.a.j.s.SampleEvent: List of sample_variables: []
2024-06-25 10:11:52,984 INFO o.a.j.s.SampleEvent: List of sample_variables: []
2024-06-25 10:11:52,987 INFO o.a.j.e.u.CompoundVariable: Note: Function class names must contain the string: '.functions.'
2024-06-25 10:11:52,987 INFO o.a.j.e.u.CompoundVariable: Note: Function class names must not contain the string: '.gui.'
2024-06-25 10:11:53,046 INFO o.a.j.r.ClassFinder: Will scan jar /usr/local/Cellar/jmeter/5.6.3/libexec/lib/ext/jmeter-plugins-manager-1.9.jar with filter ExtendsClassFilter [parents=[interface org.apache.jmeter.functions.Function], inner=false, contains=null, notContains=null]. Consider exposing JMeter plugins via META-INF/services, and add JMeter-Skip-Class-Scanning=true manifest attribute so JMeter can skip classfile scanning
2024-06-25 10:11:53,053 INFO o.a.j.g.u.JMeterMenuBar: setRunning(true, *local*)
2024-06-25 10:11:53,213 INFO o.a.j.e.StandardJMeterEngine: Starting ThreadGroup: 1 : Kazne
2024-06-25 10:11:53,233 INFO o.a.j.e.StandardJMeterEngine: Starting 1 threads for group Kazne.
2024-06-25 10:11:53,236 INFO o.a.j.e.StandardJMeterEngine: Thread will continue on error
2024-06-25 10:11:53,239 INFO o.a.j.t.ThreadGroup: Starting thread group... number=1 threads=1 ramp-up=10 delayedStart=false
2024-06-25 10:11:53,345 INFO o.a.j.t.ThreadGroup: Started thread group number 1
2024-06-25 10:11:53,346 INFO o.a.j.e.StandardJMeterEngine: All thread groups have been started
2024-06-25 10:11:53,354 INFO o.a.j.t.JMeterThread: Thread started: Kazne 1-1
2024-06-25 10:11:53,465 INFO o.a.j.p.h.s.HTTPHCAbstractImpl: Local host = Petars-MBP
2024-06-25 10:11:53,479 INFO o.a.j.p.h.s.HTTPHC4Impl: HTTP request retry count = 0
2024-06-25 10:11:53,995 INFO o.a.j.t.JMeterThread: Thread is done: Kazne 1-1
2024-06-25 10:11:53,996 INFO o.a.j.t.JMeterThread: Thread finished: Kazne 1-1
2024-06-25 10:11:54,000 INFO o.a.j.e.StandardJMeterEngine: Notifying test listeners of end of test
2024-06-25 10:11:54,003 INFO o.a.j.g.u.JMeterMenuBar: setRunning(false, *local*)
