/*C7*/SET SCHEMA PUBLIC
SET SCHEMA PUBLIC
SET SCHEMA PUBLIC
CREATE USER "nwtis_2" PASSWORD "nwtis#2"
DISCONNECT
/*C8*/SET SCHEMA PUBLIC
DISCONNECT
/*C11*/SET SCHEMA PUBLIC
SET SCHEMA PUBLIC
/*C12*/SET SCHEMA PUBLIC
SET SCHEMA PUBLIC
SET SCHEMA PUBLIC
/*C11*/DISCONNECT
/*C12*/DISCONNECT
/*C13*/SET SCHEMA PUBLIC
SET SCHEMA PUBLIC
CREATE ROLE aplikacija
GRANT aplikacija TO "nwtis_2"
create table dnevnik_Rada (\u000a\u0009id INTEGER GENERATED BY DEFAULT AS IDENTITY PRIMARY KEY,\u000a\u0009vrijeme timestamp,\u000a\u0009korisnickoIme char (20),\u000a\u0009adresaRacunala varchar (99),\u000a\u0009ipAdresaRacunala varchar (50),\u000a\u0009nazivOS varchar (30),\u000a\u0009verzijaVM varchar (20),\u000a\u0009opisRada varchar (512)\u000a)
GRANT SELECT, UPDATE, INSERT ON TABLE dnevnik_Rada TO aplikacija
create table kazne (\u000a\u0009rb int GENERATED BY DEFAULT AS IDENTITY PRIMARY KEY,\u000a\u0009id int NOT NULL,\u000a\u0009vrijemePocetak bigint NOT NULL,\u000a\u0009vrijemeKraj bigint NOT NULL,\u000a\u0009brzina double NOT NULL,\u000a\u0009gpsSirina double NOT NULL,\u000a\u0009gpsDuzina double NOT NULL,\u000a\u0009gpsSirinaRadar double NOT NULL,\u000a\u0009gpsDuzinaRadar double NOT NULL\u000a)
create table voznje (\u000a\u0009rb int GENERATED BY DEFAULT AS IDENTITY PRIMARY KEY,\u000a\u0009id int NOT NULL,\u000a\u0009broj int NOT NULL,\u000a\u0009vrijeme bigint NOT NULL,\u000a\u0009brzina double NOT NULL,\u000a\u0009snaga double NOT NULL,\u000a\u0009struja double NOT NULL,\u000a\u0009visina double NOT NULL,\u000a\u0009gpsBrzina double NOT NULL,\u000a\u0009tempVozila int NOT NULL,\u000a\u0009postotakBaterija int NOT NULL,\u000a\u0009naponBaterija double NOT NULL,\u000a\u0009kapacitetBaterija int NOT NULL,\u000a\u0009tempBaterija int NOT NULL,\u000a\u0009preostaloKm double NOT NULL,\u000a\u0009ukupnoKm double NOT NULL,\u000a\u0009gpsSirina double NOT NULL,\u000a\u0009gpsDuzina double NOT NULL\u000a)
/*C14*/SET SCHEMA PUBLIC
SET SCHEMA PUBLIC
/*C13*/GRANT SELECT, UPDATE, INSERT ON TABLE kazne TO aplikacija
GRANT SELECT, UPDATE, INSERT ON TABLE voznje TO aplikacija
GRANT SELECT, UPDATE, INSERT ON TABLE pracenevoznje TO aplikacija
DISCONNECT
/*C14*/DISCONNECT
