2024-05-11 10:27:03,317 INFO o.a.j.u.JMeterUtils: Setting Locale to en_EN
2024-05-11 10:27:03,409 INFO o.a.j.JMeter: Loading user properties from: /usr/local/Cellar/jmeter/5.6.3/libexec/bin/user.properties
2024-05-11 10:27:03,412 INFO o.a.j.JMeter: Loading system properties from: /usr/local/Cellar/jmeter/5.6.3/libexec/bin/system.properties
2024-05-11 10:27:03,420 INFO o.a.j.JMeter: Copyright (c) 1998-2024 The Apache Software Foundation
2024-05-11 10:27:03,420 INFO o.a.j.JMeter: Version 5.6.3
2024-05-11 10:27:03,420 INFO o.a.j.JMeter: java.version=21.0.3
2024-05-11 10:27:03,420 INFO o.a.j.JMeter: java.vm.name=OpenJDK 64-Bit Server VM
2024-05-11 10:27:03,420 INFO o.a.j.JMeter: os.name=Mac OS X
2024-05-11 10:27:03,420 INFO o.a.j.JMeter: os.arch=x86_64
2024-05-11 10:27:03,420 INFO o.a.j.JMeter: os.version=14.4.1
2024-05-11 10:27:03,421 INFO o.a.j.JMeter: file.encoding=UTF-8
2024-05-11 10:27:03,421 INFO o.a.j.JMeter: java.awt.headless=null
2024-05-11 10:27:03,421 INFO o.a.j.JMeter: Max memory     =1073741824
2024-05-11 10:27:03,421 INFO o.a.j.JMeter: Available Processors =10
2024-05-11 10:27:03,433 INFO o.a.j.JMeter: Default Locale=English (EN)
2024-05-11 10:27:03,433 INFO o.a.j.JMeter: JMeter  Locale=English (EN)
2024-05-11 10:27:03,433 INFO o.a.j.JMeter: JMeterHome=/usr/local/Cellar/jmeter/5.6.3/libexec
2024-05-11 10:27:03,433 INFO o.a.j.JMeter: user.dir  =/Users/pbelcar/Repos/Java/pbelcar/pbelcar_vjezba_08_dz_3/pbelcar_vjezba_08_dz_3_servisi
2024-05-11 10:27:03,434 INFO o.a.j.JMeter: PWD       =/Users/pbelcar/Repos/Java/pbelcar/pbelcar_vjezba_08_dz_3/pbelcar_vjezba_08_dz_3_servisi
2024-05-11 10:27:03,449 INFO o.a.j.JMeter: IP: 192.168.8.124 Name: Petars-MBP FullName: 192.168.8.124
2024-05-11 10:27:03,471 INFO o.a.j.JMeter: Loaded icon properties from org/apache/jmeter/images/icon.properties
2024-05-11 10:27:04,969 INFO o.a.j.JMeterGuiLauncher: Setting LAF to: com.github.weisj.darklaf.DarkLaf:com.github.weisj.darklaf.theme.DarculaTheme
2024-05-11 10:27:09,205 INFO o.a.j.r.ClassFinder: Will scan jar /usr/local/Cellar/jmeter/5.6.3/libexec/lib/ext/jmeter-plugins-manager-1.9.jar with filter ExtendsClassFilter [parents=[interface org.apache.jmeter.gui.action.Command], inner=false, contains=null, notContains=null]. Consider exposing JMeter plugins via META-INF/services, and add JMeter-Skip-Class-Scanning=true manifest attribute so JMeter can skip classfile scanning
2024-05-11 10:27:09,411 INFO o.a.j.r.ClassFinder: Will scan jar /usr/local/Cellar/jmeter/5.6.3/libexec/lib/ext/jmeter-plugins-manager-1.9.jar with filter ExtendsClassFilter [parents=[interface org.apache.jmeter.gui.plugin.MenuCreator], inner=false, contains=null, notContains=null]. Consider exposing JMeter plugins via META-INF/services, and add JMeter-Skip-Class-Scanning=true manifest attribute so JMeter can skip classfile scanning
2024-05-11 10:27:09,707 INFO o.j.r.JARSourceHTTP: Requesting https://jmeter-plugins.org/repo/?installID=mac_os_x-00c610d78a50ae71ed6962136d151ac9-gui
2024-05-11 10:27:12,093 INFO o.j.r.PluginManager: Plugins Status: [jpgc-plugins-manager=1.9, jmeter-core=5.6.3, jmeter-ftp=5.6.3, jmeter-http=5.6.3, jmeter-jdbc=5.6.3, jmeter-jms=5.6.3, jmeter-junit=5.6.3, jmeter-java=5.6.3, jmeter-ldap=5.6.3, jmeter-mail=5.6.3, jmeter-mongodb=5.6.3, jmeter-native=5.6.3, jmeter-tcp=5.6.3, jmeter-components=5.6.3]
2024-05-11 10:27:12,100 INFO o.j.r.PluginManagerMenuItem: Plugins Manager has upgrades: [jpgc-plugins-manager]
2024-05-11 10:27:20,951 INFO o.a.j.s.FileServer: Default base='/Users/pbelcar/Repos/Java/pbelcar/pbelcar_vjezba_08_dz_3/pbelcar_vjezba_08_dz_3_servisi'
2024-05-11 10:27:20,957 INFO o.a.j.g.a.Load: Loading file: /Users/pbelcar/Repos/Java/pbelcar/pbelcar_vjezba_08_dz_3/pbelcar_vjezba_08_dz_3_servisi/ProvjeraRESTKazne.jmx
2024-05-11 10:27:20,957 INFO o.a.j.s.FileServer: Set new base='/Users/pbelcar/Repos/Java/pbelcar/pbelcar_vjezba_08_dz_3/pbelcar_vjezba_08_dz_3_servisi'
2024-05-11 10:27:21,243 INFO o.a.j.s.SaveService: Testplan (JMX) version: 2.2. Testlog (JTL) version: 2.2
2024-05-11 10:27:21,259 INFO o.a.j.s.SaveService: Using SaveService properties version 5.0
2024-05-11 10:27:21,263 INFO o.a.j.s.SaveService: Using SaveService properties file encoding UTF-8
2024-05-11 10:27:21,264 INFO o.a.j.s.SaveService: Loading file: /Users/pbelcar/Repos/Java/pbelcar/pbelcar_vjezba_08_dz_3/pbelcar_vjezba_08_dz_3_servisi/ProvjeraRESTKazne.jmx
2024-05-11 10:27:21,373 INFO o.a.j.p.h.c.CacheManager: Will only cache the following methods: [GET]
2024-05-11 10:27:21,377 INFO o.a.j.p.h.s.HTTPSamplerBase: Parser for text/html is org.apache.jmeter.protocol.http.parser.LagartoBasedHtmlParser
2024-05-11 10:27:21,377 INFO o.a.j.p.h.s.HTTPSamplerBase: Parser for application/xhtml+xml is org.apache.jmeter.protocol.http.parser.LagartoBasedHtmlParser
2024-05-11 10:27:21,377 INFO o.a.j.p.h.s.HTTPSamplerBase: Parser for application/xml is org.apache.jmeter.protocol.http.parser.LagartoBasedHtmlParser
2024-05-11 10:27:21,377 INFO o.a.j.p.h.s.HTTPSamplerBase: Parser for text/xml is org.apache.jmeter.protocol.http.parser.LagartoBasedHtmlParser
2024-05-11 10:27:21,377 INFO o.a.j.p.h.s.HTTPSamplerBase: Parser for text/vnd.wap.wml is org.apache.jmeter.protocol.http.parser.RegexpHTMLParser
2024-05-11 10:27:21,377 INFO o.a.j.p.h.s.HTTPSamplerBase: Parser for text/css is org.apache.jmeter.protocol.http.parser.CssParser
2024-05-11 10:27:21,864 INFO o.a.j.s.SampleResult: Note: Sample TimeStamps are START times
2024-05-11 10:27:21,865 INFO o.a.j.s.SampleResult: sampleresult.default.encoding is set to UTF-8
2024-05-11 10:27:21,865 INFO o.a.j.s.SampleResult: sampleresult.useNanoTime=true
2024-05-11 10:27:21,865 INFO o.a.j.s.SampleResult: sampleresult.nanoThreadSleep=5000
2024-05-11 10:27:22,181 INFO o.a.j.r.ClassFinder: Will scan jar /usr/local/Cellar/jmeter/5.6.3/libexec/lib/ext/jmeter-plugins-manager-1.9.jar with filter ExtendsClassFilter [parents=[interface org.apache.jmeter.visualizers.ResultRenderer], inner=false, contains=null, notContains=null]. Consider exposing JMeter plugins via META-INF/services, and add JMeter-Skip-Class-Scanning=true manifest attribute so JMeter can skip classfile scanning
2024-05-11 10:27:22,329 INFO o.a.j.r.ClassFinder: Will scan jar /usr/local/Cellar/jmeter/5.6.3/libexec/lib/ext/jmeter-plugins-manager-1.9.jar with filter ExtendsClassFilter [parents=[interface org.apache.jmeter.visualizers.RequestView], inner=false, contains=null, notContains=null]. Consider exposing JMeter plugins via META-INF/services, and add JMeter-Skip-Class-Scanning=true manifest attribute so JMeter can skip classfile scanning
2024-05-11 10:27:22,539 INFO o.a.j.s.FileServer: Set new base='/Users/pbelcar/Repos/Java/pbelcar/pbelcar_vjezba_08_dz_3/pbelcar_vjezba_08_dz_3_servisi'
2024-05-11 10:27:28,662 INFO o.a.j.e.StandardJMeterEngine: Running the test!
2024-05-11 10:27:28,668 INFO o.a.j.s.SampleEvent: List of sample_variables: []
2024-05-11 10:27:28,669 INFO o.a.j.s.SampleEvent: List of sample_variables: []
2024-05-11 10:27:28,672 INFO o.a.j.e.u.CompoundVariable: Note: Function class names must contain the string: '.functions.'
2024-05-11 10:27:28,672 INFO o.a.j.e.u.CompoundVariable: Note: Function class names must not contain the string: '.gui.'
2024-05-11 10:27:28,735 INFO o.a.j.r.ClassFinder: Will scan jar /usr/local/Cellar/jmeter/5.6.3/libexec/lib/ext/jmeter-plugins-manager-1.9.jar with filter ExtendsClassFilter [parents=[interface org.apache.jmeter.functions.Function], inner=false, contains=null, notContains=null]. Consider exposing JMeter plugins via META-INF/services, and add JMeter-Skip-Class-Scanning=true manifest attribute so JMeter can skip classfile scanning
2024-05-11 10:27:28,740 INFO o.a.j.g.u.JMeterMenuBar: setRunning(true, *local*)
2024-05-11 10:27:28,866 INFO o.a.j.e.StandardJMeterEngine: Starting ThreadGroup: 1 : Thread Group 1
2024-05-11 10:27:28,882 INFO o.a.j.e.StandardJMeterEngine: Starting 5 threads for group Thread Group 1.
2024-05-11 10:27:28,884 INFO o.a.j.e.StandardJMeterEngine: Thread will continue on error
2024-05-11 10:27:28,886 INFO o.a.j.t.ThreadGroup: Starting thread group... number=1 threads=5 ramp-up=10 delayedStart=false
2024-05-11 10:27:29,011 INFO o.a.j.t.ThreadGroup: Started thread group number 1
2024-05-11 10:27:29,012 INFO o.a.j.e.StandardJMeterEngine: All thread groups have been started
2024-05-11 10:27:28,995 INFO o.a.j.t.JMeterThread: Thread started: Thread Group 1 1-1
2024-05-11 10:27:29,124 INFO o.a.j.p.h.s.HTTPHCAbstractImpl: Local host = Petars-MBP
2024-05-11 10:27:29,140 INFO o.a.j.p.h.s.HTTPHC4Impl: HTTP request retry count = 0
2024-05-11 10:27:29,496 INFO o.a.j.t.JMeterThread: Thread is done: Thread Group 1 1-1
2024-05-11 10:27:29,496 INFO o.a.j.t.JMeterThread: Thread finished: Thread Group 1 1-1
2024-05-11 10:27:30,906 INFO o.a.j.t.JMeterThread: Thread started: Thread Group 1 1-2
2024-05-11 10:27:31,097 INFO o.a.j.t.JMeterThread: Thread is done: Thread Group 1 1-2
2024-05-11 10:27:31,097 INFO o.a.j.t.JMeterThread: Thread finished: Thread Group 1 1-2
2024-05-11 10:27:32,915 INFO o.a.j.t.JMeterThread: Thread started: Thread Group 1 1-3
2024-05-11 10:27:33,075 INFO o.a.j.t.JMeterThread: Thread is done: Thread Group 1 1-3
2024-05-11 10:27:33,076 INFO o.a.j.t.JMeterThread: Thread finished: Thread Group 1 1-3
2024-05-11 10:27:34,899 INFO o.a.j.t.JMeterThread: Thread started: Thread Group 1 1-4
2024-05-11 10:27:35,079 INFO o.a.j.t.JMeterThread: Thread is done: Thread Group 1 1-4
2024-05-11 10:27:35,079 INFO o.a.j.t.JMeterThread: Thread finished: Thread Group 1 1-4
2024-05-11 10:27:36,898 INFO o.a.j.t.JMeterThread: Thread started: Thread Group 1 1-5
2024-05-11 10:27:37,037 INFO o.a.j.t.JMeterThread: Thread is done: Thread Group 1 1-5
2024-05-11 10:27:37,037 INFO o.a.j.t.JMeterThread: Thread finished: Thread Group 1 1-5
2024-05-11 10:27:37,038 INFO o.a.j.e.StandardJMeterEngine: Notifying test listeners of end of test
2024-05-11 10:27:37,039 INFO o.a.j.g.u.JMeterMenuBar: setRunning(false, *local*)
