2024-05-20 15:59:05,240 INFO o.a.j.u.JMeterUtils: Setting Locale to en_EN
2024-05-20 15:59:05,276 INFO o.a.j.JMeter: Loading user properties from: /usr/local/Cellar/jmeter/5.6.3/libexec/bin/user.properties
2024-05-20 15:59:05,277 INFO o.a.j.JMeter: Loading system properties from: /usr/local/Cellar/jmeter/5.6.3/libexec/bin/system.properties
2024-05-20 15:59:05,284 INFO o.a.j.JMeter: Copyright (c) 1998-2024 The Apache Software Foundation
2024-05-20 15:59:05,284 INFO o.a.j.JMeter: Version 5.6.3
2024-05-20 15:59:05,284 INFO o.a.j.JMeter: java.version=21.0.3
2024-05-20 15:59:05,284 INFO o.a.j.JMeter: java.vm.name=OpenJDK 64-Bit Server VM
2024-05-20 15:59:05,284 INFO o.a.j.JMeter: os.name=Mac OS X
2024-05-20 15:59:05,284 INFO o.a.j.JMeter: os.arch=x86_64
2024-05-20 15:59:05,285 INFO o.a.j.JMeter: os.version=14.4.1
2024-05-20 15:59:05,285 INFO o.a.j.JMeter: file.encoding=UTF-8
2024-05-20 15:59:05,285 INFO o.a.j.JMeter: java.awt.headless=null
2024-05-20 15:59:05,285 INFO o.a.j.JMeter: Max memory     =1073741824
2024-05-20 15:59:05,285 INFO o.a.j.JMeter: Available Processors =10
2024-05-20 15:59:05,297 INFO o.a.j.JMeter: Default Locale=English (EN)
2024-05-20 15:59:05,298 INFO o.a.j.JMeter: JMeter  Locale=English (EN)
2024-05-20 15:59:05,298 INFO o.a.j.JMeter: JMeterHome=/usr/local/Cellar/jmeter/5.6.3/libexec
2024-05-20 15:59:05,298 INFO o.a.j.JMeter: user.dir  =/Users/pbelcar/Repos/Java/pbelcar/pbelcar_vjezba_08_dz_3/pbelcar_vjezba_08_dz_3_app
2024-05-20 15:59:05,298 INFO o.a.j.JMeter: PWD       =/Users/pbelcar/Repos/Java/pbelcar/pbelcar_vjezba_08_dz_3/pbelcar_vjezba_08_dz_3_app
2024-05-20 15:59:05,300 INFO o.a.j.JMeter: IP: 127.0.0.1 Name: Petars-MacBook-Pro.local FullName: localhost
2024-05-20 15:59:05,324 INFO o.a.j.JMeter: Loaded icon properties from org/apache/jmeter/images/icon.properties
2024-05-20 15:59:05,923 INFO o.a.j.JMeterGuiLauncher: Setting LAF to: com.github.weisj.darklaf.DarkLaf:com.github.weisj.darklaf.theme.DarculaTheme
2024-05-20 15:59:08,610 INFO o.a.j.r.ClassFinder: Will scan jar /usr/local/Cellar/jmeter/5.6.3/libexec/lib/ext/jmeter-plugins-manager-1.9.jar with filter ExtendsClassFilter [parents=[interface org.apache.jmeter.gui.action.Command], inner=false, contains=null, notContains=null]. Consider exposing JMeter plugins via META-INF/services, and add JMeter-Skip-Class-Scanning=true manifest attribute so JMeter can skip classfile scanning
2024-05-20 15:59:08,873 INFO o.a.j.r.ClassFinder: Will scan jar /usr/local/Cellar/jmeter/5.6.3/libexec/lib/ext/jmeter-plugins-manager-1.9.jar with filter ExtendsClassFilter [parents=[interface org.apache.jmeter.gui.plugin.MenuCreator], inner=false, contains=null, notContains=null]. Consider exposing JMeter plugins via META-INF/services, and add JMeter-Skip-Class-Scanning=true manifest attribute so JMeter can skip classfile scanning
2024-05-20 15:59:09,226 INFO o.j.r.JARSourceHTTP: Requesting https://jmeter-plugins.org/repo/?installID=mac_os_x-2816d7d7e678c8e15ec067bced5b48c0-gui
2024-05-20 15:59:11,644 INFO o.j.r.PluginManager: Plugins Status: [jpgc-plugins-manager=1.9, jmeter-core=5.6.3, jmeter-ftp=5.6.3, jmeter-http=5.6.3, jmeter-jdbc=5.6.3, jmeter-jms=5.6.3, jmeter-junit=5.6.3, jmeter-java=5.6.3, jmeter-ldap=5.6.3, jmeter-mail=5.6.3, jmeter-mongodb=5.6.3, jmeter-native=5.6.3, jmeter-tcp=5.6.3, jmeter-components=5.6.3]
2024-05-20 15:59:11,646 INFO o.j.r.PluginManagerMenuItem: Plugins Manager has upgrades: [jpgc-plugins-manager]
2024-05-20 15:59:18,349 INFO o.a.j.s.FileServer: Default base='/Users/pbelcar/Repos/Java/pbelcar/pbelcar_vjezba_08_dz_3/pbelcar_vjezba_08_dz_3_app'
2024-05-20 15:59:18,355 INFO o.a.j.g.a.Load: Loading file: /Users/pbelcar/Repos/Java/pbelcar/pbelcar_vjezba_07_dz_2/pbelcar_vjezba_07_dz_2_servisi/ProvjeraRESTKazne.jmx
2024-05-20 15:59:18,356 INFO o.a.j.s.FileServer: Set new base='/Users/pbelcar/Repos/Java/pbelcar/pbelcar_vjezba_07_dz_2/pbelcar_vjezba_07_dz_2_servisi'
2024-05-20 15:59:18,737 INFO o.a.j.s.SaveService: Testplan (JMX) version: 2.2. Testlog (JTL) version: 2.2
2024-05-20 15:59:18,751 INFO o.a.j.s.SaveService: Using SaveService properties version 5.0
2024-05-20 15:59:18,754 INFO o.a.j.s.SaveService: Using SaveService properties file encoding UTF-8
2024-05-20 15:59:18,755 INFO o.a.j.s.SaveService: Loading file: /Users/pbelcar/Repos/Java/pbelcar/pbelcar_vjezba_07_dz_2/pbelcar_vjezba_07_dz_2_servisi/ProvjeraRESTKazne.jmx
2024-05-20 15:59:19,001 INFO o.a.j.p.h.c.CacheManager: Will only cache the following methods: [GET]
2024-05-20 15:59:19,004 INFO o.a.j.p.h.s.HTTPSamplerBase: Parser for text/html is org.apache.jmeter.protocol.http.parser.LagartoBasedHtmlParser
2024-05-20 15:59:19,004 INFO o.a.j.p.h.s.HTTPSamplerBase: Parser for application/xhtml+xml is org.apache.jmeter.protocol.http.parser.LagartoBasedHtmlParser
2024-05-20 15:59:19,004 INFO o.a.j.p.h.s.HTTPSamplerBase: Parser for application/xml is org.apache.jmeter.protocol.http.parser.LagartoBasedHtmlParser
2024-05-20 15:59:19,004 INFO o.a.j.p.h.s.HTTPSamplerBase: Parser for text/xml is org.apache.jmeter.protocol.http.parser.LagartoBasedHtmlParser
2024-05-20 15:59:19,004 INFO o.a.j.p.h.s.HTTPSamplerBase: Parser for text/vnd.wap.wml is org.apache.jmeter.protocol.http.parser.RegexpHTMLParser
2024-05-20 15:59:19,004 INFO o.a.j.p.h.s.HTTPSamplerBase: Parser for text/css is org.apache.jmeter.protocol.http.parser.CssParser
2024-05-20 15:59:19,665 INFO o.a.j.s.SampleResult: Note: Sample TimeStamps are START times
2024-05-20 15:59:19,666 INFO o.a.j.s.SampleResult: sampleresult.default.encoding is set to UTF-8
2024-05-20 15:59:19,666 INFO o.a.j.s.SampleResult: sampleresult.useNanoTime=true
2024-05-20 15:59:19,666 INFO o.a.j.s.SampleResult: sampleresult.nanoThreadSleep=5000
2024-05-20 15:59:20,019 INFO o.a.j.r.ClassFinder: Will scan jar /usr/local/Cellar/jmeter/5.6.3/libexec/lib/ext/jmeter-plugins-manager-1.9.jar with filter ExtendsClassFilter [parents=[interface org.apache.jmeter.visualizers.ResultRenderer], inner=false, contains=null, notContains=null]. Consider exposing JMeter plugins via META-INF/services, and add JMeter-Skip-Class-Scanning=true manifest attribute so JMeter can skip classfile scanning
2024-05-20 15:59:20,199 INFO o.a.j.r.ClassFinder: Will scan jar /usr/local/Cellar/jmeter/5.6.3/libexec/lib/ext/jmeter-plugins-manager-1.9.jar with filter ExtendsClassFilter [parents=[interface org.apache.jmeter.visualizers.RequestView], inner=false, contains=null, notContains=null]. Consider exposing JMeter plugins via META-INF/services, and add JMeter-Skip-Class-Scanning=true manifest attribute so JMeter can skip classfile scanning
2024-05-20 15:59:20,473 INFO o.a.j.r.ClassFinder: Will scan jar /usr/local/Cellar/jmeter/5.6.3/libexec/lib/ext/jmeter-plugins-manager-1.9.jar with filter ExtendsClassFilter [parents=[interface org.apache.jmeter.visualizers.ResultRenderer], inner=false, contains=null, notContains=null]. Consider exposing JMeter plugins via META-INF/services, and add JMeter-Skip-Class-Scanning=true manifest attribute so JMeter can skip classfile scanning
2024-05-20 15:59:20,519 INFO o.a.j.r.ClassFinder: Will scan jar /usr/local/Cellar/jmeter/5.6.3/libexec/lib/ext/jmeter-plugins-manager-1.9.jar with filter ExtendsClassFilter [parents=[interface org.apache.jmeter.visualizers.RequestView], inner=false, contains=null, notContains=null]. Consider exposing JMeter plugins via META-INF/services, and add JMeter-Skip-Class-Scanning=true manifest attribute so JMeter can skip classfile scanning
2024-05-20 15:59:20,696 INFO o.a.j.r.ClassFinder: Will scan jar /usr/local/Cellar/jmeter/5.6.3/libexec/lib/ext/jmeter-plugins-manager-1.9.jar with filter ExtendsClassFilter [parents=[interface org.apache.jmeter.visualizers.ResultRenderer], inner=false, contains=null, notContains=null]. Consider exposing JMeter plugins via META-INF/services, and add JMeter-Skip-Class-Scanning=true manifest attribute so JMeter can skip classfile scanning
2024-05-20 15:59:20,722 INFO o.a.j.r.ClassFinder: Will scan jar /usr/local/Cellar/jmeter/5.6.3/libexec/lib/ext/jmeter-plugins-manager-1.9.jar with filter ExtendsClassFilter [parents=[interface org.apache.jmeter.visualizers.RequestView], inner=false, contains=null, notContains=null]. Consider exposing JMeter plugins via META-INF/services, and add JMeter-Skip-Class-Scanning=true manifest attribute so JMeter can skip classfile scanning
2024-05-20 15:59:20,853 INFO o.a.j.r.ClassFinder: Will scan jar /usr/local/Cellar/jmeter/5.6.3/libexec/lib/ext/jmeter-plugins-manager-1.9.jar with filter ExtendsClassFilter [parents=[interface org.apache.jmeter.visualizers.ResultRenderer], inner=false, contains=null, notContains=null]. Consider exposing JMeter plugins via META-INF/services, and add JMeter-Skip-Class-Scanning=true manifest attribute so JMeter can skip classfile scanning
2024-05-20 15:59:20,881 INFO o.a.j.r.ClassFinder: Will scan jar /usr/local/Cellar/jmeter/5.6.3/libexec/lib/ext/jmeter-plugins-manager-1.9.jar with filter ExtendsClassFilter [parents=[interface org.apache.jmeter.visualizers.RequestView], inner=false, contains=null, notContains=null]. Consider exposing JMeter plugins via META-INF/services, and add JMeter-Skip-Class-Scanning=true manifest attribute so JMeter can skip classfile scanning
2024-05-20 15:59:20,977 INFO o.a.j.s.FileServer: Set new base='/Users/pbelcar/Repos/Java/pbelcar/pbelcar_vjezba_07_dz_2/pbelcar_vjezba_07_dz_2_servisi'
2024-05-20 15:59:30,565 INFO o.a.j.e.StandardJMeterEngine: Running the test!
2024-05-20 15:59:30,571 INFO o.a.j.s.SampleEvent: List of sample_variables: []
2024-05-20 15:59:30,571 INFO o.a.j.s.SampleEvent: List of sample_variables: []
2024-05-20 15:59:30,574 INFO o.a.j.e.u.CompoundVariable: Note: Function class names must contain the string: '.functions.'
2024-05-20 15:59:30,574 INFO o.a.j.e.u.CompoundVariable: Note: Function class names must not contain the string: '.gui.'
2024-05-20 15:59:30,640 INFO o.a.j.r.ClassFinder: Will scan jar /usr/local/Cellar/jmeter/5.6.3/libexec/lib/ext/jmeter-plugins-manager-1.9.jar with filter ExtendsClassFilter [parents=[interface org.apache.jmeter.functions.Function], inner=false, contains=null, notContains=null]. Consider exposing JMeter plugins via META-INF/services, and add JMeter-Skip-Class-Scanning=true manifest attribute so JMeter can skip classfile scanning
2024-05-20 15:59:30,651 INFO o.a.j.g.u.JMeterMenuBar: setRunning(true, *local*)
2024-05-20 15:59:30,817 INFO o.a.j.e.StandardJMeterEngine: Starting ThreadGroup: 1 : Vozila
2024-05-20 15:59:30,839 INFO o.a.j.e.StandardJMeterEngine: Starting 1 threads for group Vozila.
2024-05-20 15:59:30,842 INFO o.a.j.e.StandardJMeterEngine: Thread will continue on error
2024-05-20 15:59:30,845 INFO o.a.j.t.ThreadGroup: Starting thread group... number=1 threads=1 ramp-up=10 delayedStart=false
2024-05-20 15:59:30,985 INFO o.a.j.t.ThreadGroup: Started thread group number 1
2024-05-20 15:59:30,988 INFO o.a.j.e.StandardJMeterEngine: All thread groups have been started
2024-05-20 15:59:30,994 INFO o.a.j.t.JMeterThread: Thread started: Vozila 1-1
2024-05-20 15:59:31,131 INFO o.a.j.p.h.s.HTTPHCAbstractImpl: Local host = Petars-MacBook-Pro.local
2024-05-20 15:59:31,142 INFO o.a.j.p.h.s.HTTPHC4Impl: HTTP request retry count = 0
2024-05-20 15:59:31,371 INFO o.a.j.t.JMeterThread: Thread is done: Vozila 1-1
2024-05-20 15:59:31,372 INFO o.a.j.t.JMeterThread: Thread finished: Vozila 1-1
2024-05-20 15:59:31,382 INFO o.a.j.e.StandardJMeterEngine: Notifying test listeners of end of test
2024-05-20 15:59:31,386 INFO o.a.j.g.u.JMeterMenuBar: setRunning(false, *local*)
2024-05-20 16:00:36,329 INFO o.a.j.e.StandardJMeterEngine: Running the test!
2024-05-20 16:00:36,336 INFO o.a.j.s.SampleEvent: List of sample_variables: []
2024-05-20 16:00:36,341 INFO o.a.j.g.u.JMeterMenuBar: setRunning(true, *local*)
2024-05-20 16:00:36,458 INFO o.a.j.e.StandardJMeterEngine: Starting ThreadGroup: 1 : Vozila
2024-05-20 16:00:36,483 INFO o.a.j.e.StandardJMeterEngine: Starting 1 threads for group Vozila.
2024-05-20 16:00:36,485 INFO o.a.j.e.StandardJMeterEngine: Thread will continue on error
2024-05-20 16:00:36,489 INFO o.a.j.t.ThreadGroup: Starting thread group... number=1 threads=1 ramp-up=10 delayedStart=false
2024-05-20 16:00:36,554 INFO o.a.j.t.ThreadGroup: Started thread group number 1
2024-05-20 16:00:36,556 INFO o.a.j.e.StandardJMeterEngine: All thread groups have been started
2024-05-20 16:00:36,563 INFO o.a.j.t.JMeterThread: Thread started: Vozila 1-1
2024-05-20 16:00:36,928 INFO o.a.j.t.JMeterThread: Thread is done: Vozila 1-1
2024-05-20 16:00:36,929 INFO o.a.j.t.JMeterThread: Thread finished: Vozila 1-1
2024-05-20 16:00:36,933 INFO o.a.j.e.StandardJMeterEngine: Notifying test listeners of end of test
2024-05-20 16:00:36,935 INFO o.a.j.g.u.JMeterMenuBar: setRunning(false, *local*)
2024-05-20 16:23:11,583 INFO o.a.j.e.StandardJMeterEngine: Running the test!
2024-05-20 16:23:11,588 INFO o.a.j.s.SampleEvent: List of sample_variables: []
2024-05-20 16:23:11,596 INFO o.a.j.g.u.JMeterMenuBar: setRunning(true, *local*)
2024-05-20 16:23:11,694 INFO o.a.j.e.StandardJMeterEngine: Starting ThreadGroup: 1 : Vozila
2024-05-20 16:23:11,728 INFO o.a.j.e.StandardJMeterEngine: Starting 1 threads for group Vozila.
2024-05-20 16:23:11,730 INFO o.a.j.e.StandardJMeterEngine: Thread will continue on error
2024-05-20 16:23:11,734 INFO o.a.j.t.ThreadGroup: Starting thread group... number=1 threads=1 ramp-up=10 delayedStart=false
2024-05-20 16:23:11,790 INFO o.a.j.t.ThreadGroup: Started thread group number 1
2024-05-20 16:23:11,791 INFO o.a.j.e.StandardJMeterEngine: All thread groups have been started
2024-05-20 16:23:11,796 INFO o.a.j.t.JMeterThread: Thread started: Vozila 1-1
2024-05-20 16:23:11,945 INFO o.a.j.t.JMeterThread: Thread is done: Vozila 1-1
2024-05-20 16:23:11,946 INFO o.a.j.t.JMeterThread: Thread finished: Vozila 1-1
2024-05-20 16:23:11,950 INFO o.a.j.e.StandardJMeterEngine: Notifying test listeners of end of test
2024-05-20 16:23:11,957 INFO o.a.j.g.u.JMeterMenuBar: setRunning(false, *local*)
2024-05-20 16:36:29,288 INFO o.a.j.e.StandardJMeterEngine: Running the test!
2024-05-20 16:36:29,290 INFO o.a.j.s.SampleEvent: List of sample_variables: []
2024-05-20 16:36:29,297 INFO o.a.j.g.u.JMeterMenuBar: setRunning(true, *local*)
2024-05-20 16:36:29,407 INFO o.a.j.e.StandardJMeterEngine: Starting ThreadGroup: 1 : Vozila
2024-05-20 16:36:29,443 INFO o.a.j.e.StandardJMeterEngine: Starting 1 threads for group Vozila.
2024-05-20 16:36:29,447 INFO o.a.j.e.StandardJMeterEngine: Thread will continue on error
2024-05-20 16:36:29,456 INFO o.a.j.t.ThreadGroup: Starting thread group... number=1 threads=1 ramp-up=10 delayedStart=false
2024-05-20 16:36:29,516 INFO o.a.j.t.ThreadGroup: Started thread group number 1
2024-05-20 16:36:29,517 INFO o.a.j.e.StandardJMeterEngine: All thread groups have been started
2024-05-20 16:36:29,528 INFO o.a.j.t.JMeterThread: Thread started: Vozila 1-1
2024-05-20 16:36:29,683 INFO o.a.j.t.JMeterThread: Thread is done: Vozila 1-1
2024-05-20 16:36:29,684 INFO o.a.j.t.JMeterThread: Thread finished: Vozila 1-1
2024-05-20 16:36:29,688 INFO o.a.j.e.StandardJMeterEngine: Notifying test listeners of end of test
2024-05-20 16:36:29,695 INFO o.a.j.g.u.JMeterMenuBar: setRunning(false, *local*)
2024-05-20 16:43:02,651 INFO o.a.j.e.StandardJMeterEngine: Running the test!
2024-05-20 16:43:02,653 INFO o.a.j.s.SampleEvent: List of sample_variables: []
2024-05-20 16:43:02,664 INFO o.a.j.g.u.JMeterMenuBar: setRunning(true, *local*)
2024-05-20 16:43:02,752 INFO o.a.j.e.StandardJMeterEngine: Starting ThreadGroup: 1 : Vozila
2024-05-20 16:43:02,783 INFO o.a.j.e.StandardJMeterEngine: Starting 1 threads for group Vozila.
2024-05-20 16:43:02,786 INFO o.a.j.e.StandardJMeterEngine: Thread will continue on error
2024-05-20 16:43:02,790 INFO o.a.j.t.ThreadGroup: Starting thread group... number=1 threads=1 ramp-up=10 delayedStart=false
2024-05-20 16:43:02,851 INFO o.a.j.t.ThreadGroup: Started thread group number 1
2024-05-20 16:43:02,853 INFO o.a.j.e.StandardJMeterEngine: All thread groups have been started
2024-05-20 16:43:02,858 INFO o.a.j.t.JMeterThread: Thread started: Vozila 1-1
2024-05-20 16:43:03,003 INFO o.a.j.t.JMeterThread: Thread is done: Vozila 1-1
2024-05-20 16:43:03,005 INFO o.a.j.t.JMeterThread: Thread finished: Vozila 1-1
2024-05-20 16:43:03,012 INFO o.a.j.e.StandardJMeterEngine: Notifying test listeners of end of test
2024-05-20 16:43:03,020 INFO o.a.j.g.u.JMeterMenuBar: setRunning(false, *local*)
2024-05-20 16:43:23,097 INFO o.a.j.e.StandardJMeterEngine: Running the test!
2024-05-20 16:43:23,101 INFO o.a.j.s.SampleEvent: List of sample_variables: []
2024-05-20 16:43:23,105 INFO o.a.j.g.u.JMeterMenuBar: setRunning(true, *local*)
2024-05-20 16:43:23,210 INFO o.a.j.e.StandardJMeterEngine: Starting ThreadGroup: 1 : Kazne
2024-05-20 16:43:23,243 INFO o.a.j.e.StandardJMeterEngine: Starting 1 threads for group Kazne.
2024-05-20 16:43:23,253 INFO o.a.j.e.StandardJMeterEngine: Thread will continue on error
2024-05-20 16:43:23,258 INFO o.a.j.t.ThreadGroup: Starting thread group... number=1 threads=1 ramp-up=10 delayedStart=false
2024-05-20 16:43:23,315 INFO o.a.j.t.ThreadGroup: Started thread group number 1
2024-05-20 16:43:23,317 INFO o.a.j.e.StandardJMeterEngine: All thread groups have been started
2024-05-20 16:43:23,323 INFO o.a.j.t.JMeterThread: Thread started: Kazne 1-1
2024-05-20 16:43:23,497 INFO o.a.j.t.JMeterThread: Thread is done: Kazne 1-1
2024-05-20 16:43:23,499 INFO o.a.j.t.JMeterThread: Thread finished: Kazne 1-1
2024-05-20 16:43:23,506 INFO o.a.j.e.StandardJMeterEngine: Notifying test listeners of end of test
2024-05-20 16:43:23,510 INFO o.a.j.g.u.JMeterMenuBar: setRunning(false, *local*)
2024-05-20 16:45:40,290 INFO o.a.j.e.StandardJMeterEngine: Running the test!
2024-05-20 16:45:40,294 INFO o.a.j.s.SampleEvent: List of sample_variables: []
2024-05-20 16:45:40,304 INFO o.a.j.g.u.JMeterMenuBar: setRunning(true, *local*)
2024-05-20 16:45:40,408 INFO o.a.j.e.StandardJMeterEngine: Starting ThreadGroup: 1 : Kazne
2024-05-20 16:45:40,451 INFO o.a.j.e.StandardJMeterEngine: Starting 1 threads for group Kazne.
2024-05-20 16:45:40,455 INFO o.a.j.e.StandardJMeterEngine: Thread will continue on error
2024-05-20 16:45:40,460 INFO o.a.j.t.ThreadGroup: Starting thread group... number=1 threads=1 ramp-up=10 delayedStart=false
2024-05-20 16:45:40,519 INFO o.a.j.t.ThreadGroup: Started thread group number 1
2024-05-20 16:45:40,520 INFO o.a.j.e.StandardJMeterEngine: All thread groups have been started
2024-05-20 16:45:40,525 INFO o.a.j.t.JMeterThread: Thread started: Kazne 1-1
2024-05-20 16:45:40,854 INFO o.a.j.t.JMeterThread: Thread is done: Kazne 1-1
2024-05-20 16:45:40,855 INFO o.a.j.t.JMeterThread: Thread finished: Kazne 1-1
2024-05-20 16:45:40,861 INFO o.a.j.e.StandardJMeterEngine: Notifying test listeners of end of test
2024-05-20 16:45:40,865 INFO o.a.j.g.u.JMeterMenuBar: setRunning(false, *local*)
2024-05-20 16:58:22,374 INFO o.a.j.e.StandardJMeterEngine: Running the test!
2024-05-20 16:58:22,380 INFO o.a.j.s.SampleEvent: List of sample_variables: []
2024-05-20 16:58:22,385 INFO o.a.j.g.u.JMeterMenuBar: setRunning(true, *local*)
2024-05-20 16:58:22,480 INFO o.a.j.e.StandardJMeterEngine: Starting ThreadGroup: 1 : Kazne
2024-05-20 16:58:22,515 INFO o.a.j.e.StandardJMeterEngine: Starting 1 threads for group Kazne.
2024-05-20 16:58:22,517 INFO o.a.j.e.StandardJMeterEngine: Thread will continue on error
2024-05-20 16:58:22,524 INFO o.a.j.t.ThreadGroup: Starting thread group... number=1 threads=1 ramp-up=10 delayedStart=false
2024-05-20 16:58:22,578 INFO o.a.j.t.ThreadGroup: Started thread group number 1
2024-05-20 16:58:22,579 INFO o.a.j.e.StandardJMeterEngine: All thread groups have been started
2024-05-20 16:58:22,586 INFO o.a.j.t.JMeterThread: Thread started: Kazne 1-1
2024-05-20 16:58:24,135 INFO o.a.j.t.JMeterThread: Thread is done: Kazne 1-1
2024-05-20 16:58:24,136 INFO o.a.j.t.JMeterThread: Thread finished: Kazne 1-1
2024-05-20 16:58:24,139 INFO o.a.j.e.StandardJMeterEngine: Notifying test listeners of end of test
2024-05-20 16:58:24,142 INFO o.a.j.g.u.JMeterMenuBar: setRunning(false, *local*)
2024-05-20 16:59:09,619 INFO o.a.j.e.StandardJMeterEngine: Running the test!
2024-05-20 16:59:09,623 INFO o.a.j.s.SampleEvent: List of sample_variables: []
2024-05-20 16:59:09,630 INFO o.a.j.g.u.JMeterMenuBar: setRunning(true, *local*)
2024-05-20 16:59:09,712 INFO o.a.j.e.StandardJMeterEngine: Starting ThreadGroup: 1 : Kazne
2024-05-20 16:59:09,745 INFO o.a.j.e.StandardJMeterEngine: Starting 1 threads for group Kazne.
2024-05-20 16:59:09,748 INFO o.a.j.e.StandardJMeterEngine: Thread will continue on error
2024-05-20 16:59:09,751 INFO o.a.j.t.ThreadGroup: Starting thread group... number=1 threads=1 ramp-up=10 delayedStart=false
2024-05-20 16:59:09,805 INFO o.a.j.t.ThreadGroup: Started thread group number 1
2024-05-20 16:59:09,806 INFO o.a.j.e.StandardJMeterEngine: All thread groups have been started
2024-05-20 16:59:09,813 INFO o.a.j.t.JMeterThread: Thread started: Kazne 1-1
2024-05-20 16:59:09,978 INFO o.a.j.t.JMeterThread: Thread is done: Kazne 1-1
2024-05-20 16:59:09,979 INFO o.a.j.t.JMeterThread: Thread finished: Kazne 1-1
2024-05-20 16:59:09,984 INFO o.a.j.e.StandardJMeterEngine: Notifying test listeners of end of test
2024-05-20 16:59:09,988 INFO o.a.j.g.u.JMeterMenuBar: setRunning(false, *local*)
2024-05-20 16:59:16,201 INFO o.a.j.e.StandardJMeterEngine: Running the test!
2024-05-20 16:59:16,204 INFO o.a.j.s.SampleEvent: List of sample_variables: []
2024-05-20 16:59:16,212 INFO o.a.j.g.u.JMeterMenuBar: setRunning(true, *local*)
2024-05-20 16:59:16,293 INFO o.a.j.e.StandardJMeterEngine: Starting ThreadGroup: 1 : Kazne
2024-05-20 16:59:16,320 INFO o.a.j.e.StandardJMeterEngine: Starting 1 threads for group Kazne.
2024-05-20 16:59:16,324 INFO o.a.j.e.StandardJMeterEngine: Thread will continue on error
2024-05-20 16:59:16,329 INFO o.a.j.t.ThreadGroup: Starting thread group... number=1 threads=1 ramp-up=10 delayedStart=false
2024-05-20 16:59:16,435 INFO o.a.j.t.ThreadGroup: Started thread group number 1
2024-05-20 16:59:16,436 INFO o.a.j.e.StandardJMeterEngine: All thread groups have been started
2024-05-20 16:59:16,442 INFO o.a.j.t.JMeterThread: Thread started: Kazne 1-1
2024-05-20 16:59:16,592 INFO o.a.j.t.JMeterThread: Thread is done: Kazne 1-1
2024-05-20 16:59:16,593 INFO o.a.j.t.JMeterThread: Thread finished: Kazne 1-1
2024-05-20 16:59:16,599 INFO o.a.j.e.StandardJMeterEngine: Notifying test listeners of end of test
2024-05-20 16:59:16,604 INFO o.a.j.g.u.JMeterMenuBar: setRunning(false, *local*)
2024-05-20 16:59:30,776 INFO o.a.j.e.StandardJMeterEngine: Running the test!
2024-05-20 16:59:30,783 INFO o.a.j.s.SampleEvent: List of sample_variables: []
2024-05-20 16:59:30,786 INFO o.a.j.g.u.JMeterMenuBar: setRunning(true, *local*)
2024-05-20 16:59:30,887 INFO o.a.j.e.StandardJMeterEngine: Starting ThreadGroup: 1 : Kazne
2024-05-20 16:59:30,926 INFO o.a.j.e.StandardJMeterEngine: Starting 1 threads for group Kazne.
2024-05-20 16:59:30,934 INFO o.a.j.e.StandardJMeterEngine: Thread will continue on error
2024-05-20 16:59:30,938 INFO o.a.j.t.ThreadGroup: Starting thread group... number=1 threads=1 ramp-up=10 delayedStart=false
2024-05-20 16:59:30,990 INFO o.a.j.t.ThreadGroup: Started thread group number 1
2024-05-20 16:59:30,991 INFO o.a.j.e.StandardJMeterEngine: All thread groups have been started
2024-05-20 16:59:30,997 INFO o.a.j.t.JMeterThread: Thread started: Kazne 1-1
2024-05-20 16:59:31,172 INFO o.a.j.t.JMeterThread: Thread is done: Kazne 1-1
2024-05-20 16:59:31,173 INFO o.a.j.t.JMeterThread: Thread finished: Kazne 1-1
2024-05-20 16:59:31,180 INFO o.a.j.e.StandardJMeterEngine: Notifying test listeners of end of test
2024-05-20 16:59:31,184 INFO o.a.j.g.u.JMeterMenuBar: setRunning(false, *local*)
2024-05-20 16:59:48,201 INFO o.a.j.e.StandardJMeterEngine: Running the test!
2024-05-20 16:59:48,205 INFO o.a.j.s.SampleEvent: List of sample_variables: []
2024-05-20 16:59:48,211 INFO o.a.j.g.u.JMeterMenuBar: setRunning(true, *local*)
2024-05-20 16:59:48,298 INFO o.a.j.e.StandardJMeterEngine: Starting ThreadGroup: 1 : Kazne
2024-05-20 16:59:48,338 INFO o.a.j.e.StandardJMeterEngine: Starting 1 threads for group Kazne.
2024-05-20 16:59:48,343 INFO o.a.j.e.StandardJMeterEngine: Thread will continue on error
2024-05-20 16:59:48,347 INFO o.a.j.t.ThreadGroup: Starting thread group... number=1 threads=1 ramp-up=10 delayedStart=false
2024-05-20 16:59:48,397 INFO o.a.j.t.ThreadGroup: Started thread group number 1
2024-05-20 16:59:48,404 INFO o.a.j.e.StandardJMeterEngine: All thread groups have been started
2024-05-20 16:59:48,411 INFO o.a.j.t.JMeterThread: Thread started: Kazne 1-1
2024-05-20 16:59:48,791 INFO o.a.j.t.JMeterThread: Thread is done: Kazne 1-1
2024-05-20 16:59:48,792 INFO o.a.j.t.JMeterThread: Thread finished: Kazne 1-1
2024-05-20 16:59:48,796 INFO o.a.j.e.StandardJMeterEngine: Notifying test listeners of end of test
2024-05-20 16:59:48,799 INFO o.a.j.g.u.JMeterMenuBar: setRunning(false, *local*)
2024-05-20 17:09:28,058 INFO o.a.j.e.StandardJMeterEngine: Running the test!
2024-05-20 17:09:28,066 INFO o.a.j.s.SampleEvent: List of sample_variables: []
2024-05-20 17:09:28,072 INFO o.a.j.g.u.JMeterMenuBar: setRunning(true, *local*)
2024-05-20 17:09:28,151 INFO o.a.j.e.StandardJMeterEngine: Starting ThreadGroup: 1 : Kazne
2024-05-20 17:09:28,187 INFO o.a.j.e.StandardJMeterEngine: Starting 1 threads for group Kazne.
2024-05-20 17:09:28,191 INFO o.a.j.e.StandardJMeterEngine: Thread will continue on error
2024-05-20 17:09:28,199 INFO o.a.j.t.ThreadGroup: Starting thread group... number=1 threads=1 ramp-up=10 delayedStart=false
2024-05-20 17:09:28,260 INFO o.a.j.t.ThreadGroup: Started thread group number 1
2024-05-20 17:09:28,261 INFO o.a.j.e.StandardJMeterEngine: All thread groups have been started
2024-05-20 17:09:28,268 INFO o.a.j.t.JMeterThread: Thread started: Kazne 1-1
2024-05-20 17:09:28,456 INFO o.a.j.t.JMeterThread: Thread is done: Kazne 1-1
2024-05-20 17:09:28,457 INFO o.a.j.t.JMeterThread: Thread finished: Kazne 1-1
2024-05-20 17:09:28,464 INFO o.a.j.e.StandardJMeterEngine: Notifying test listeners of end of test
2024-05-20 17:09:28,468 INFO o.a.j.g.u.JMeterMenuBar: setRunning(false, *local*)
